<?xml version="1.0" encoding="UTF-8"?>
<!-- Generated by org.testng.reporters.JUnitReportReporter -->
<testsuite skipped="0" hostname="personalpc" name="org.testleaf.leaftaps.seleniumbase.DeleteLead" tests="1" failures="0" timestamp="13 Jul 2019 10:05:23 GMT" time="47.250" errors="0">
  <testcase name="delete" time="47.250" classname="org.testleaf.leaftaps.seleniumbase.DeleteLead"/>
</testsuite> <!-- org.testleaf.leaftaps.seleniumbase.DeleteLead -->
