<?xml version="1.0" encoding="UTF-8"?>
<!-- Generated by org.testng.reporters.JUnitReportReporter -->
<testsuite skipped="0" hostname="personalpc" name="org.testleaf.leaftaps.seleniumbase.Test123" tests="1" failures="0" timestamp="29 Jun 2019 06:30:42 GMT" time="0.031" errors="0">
  <testcase name="test" time="0.031" classname="org.testleaf.leaftaps.seleniumbase.Test123"/>
</testsuite> <!-- org.testleaf.leaftaps.seleniumbase.Test123 -->
