<?xml version="1.0" encoding="UTF-8"?>
<!-- Generated by org.testng.reporters.JUnitReportReporter -->
<testsuite skipped="0" hostname="personalpc" name="org.testleaf.leaftaps.seleniumbase.CreateLead" tests="1" failures="0" timestamp="13 Jul 2019 10:05:23 GMT" time="44.935" errors="0">
  <testcase name="create" time="44.935" classname="org.testleaf.leaftaps.seleniumbase.CreateLead"/>
</testsuite> <!-- org.testleaf.leaftaps.seleniumbase.CreateLead -->
